This is pdfTeX, Version 3.14159265-2.6-1.40.15 (TeX Live 2014) (preloaded format=pdflatex 2014.6.24)  4 JUL 2015 22:37
entering extended mode
 restricted \write18 enabled.
 file:line:error style messages enabled.
 %&-line parsing enabled.
**Documentation.tex
(./Documentation.tex
LaTeX2e <2014/05/01>
Babel <3.9k> and hyphenation patterns for 78 languages loaded.
(/usr/local/texlive/2014/texmf-dist/tex/latex/base/book.cls
Document Class: book 2007/10/19 v1.4h Standard LaTeX document class
(/usr/local/texlive/2014/texmf-dist/tex/latex/base/bk12.clo
File: bk12.clo 2007/10/19 v1.4h Standard LaTeX file (size option)
)
\c@part=\count79
\c@chapter=\count80
\c@section=\count81
\c@subsection=\count82
\c@subsubsection=\count83
\c@paragraph=\count84
\c@subparagraph=\count85
\c@figure=\count86
\c@table=\count87
\abovecaptionskip=\skip41
\belowcaptionskip=\skip42
\bibindent=\dimen102
)
(/usr/local/texlive/2014/texmf-dist/tex/latex/amsfonts/amsfonts.sty
Package: amsfonts 2013/01/14 v3.01 Basic AMSFonts support
\@emptytoks=\toks14
\symAMSa=\mathgroup4
\symAMSb=\mathgroup5
LaTeX Font Info:    Overwriting math alphabet `\mathfrak' in version `bold'
(Font)                  U/euf/m/n --> U/euf/b/n on input line 106.
)
(/usr/local/texlive/2014/texmf-dist/tex/latex/amsmath/amsmath.sty
Package: amsmath 2013/01/14 v2.14 AMS math features
\@mathmargin=\skip43

For additional information on amsmath, use the `?' option.
(/usr/local/texlive/2014/texmf-dist/tex/latex/amsmath/amstext.sty
Package: amstext 2000/06/29 v2.01

(/usr/local/texlive/2014/texmf-dist/tex/latex/amsmath/amsgen.sty
File: amsgen.sty 1999/11/30 v2.0
\@emptytoks=\toks15
\ex@=\dimen103
))
(/usr/local/texlive/2014/texmf-dist/tex/latex/amsmath/amsbsy.sty
Package: amsbsy 1999/11/29 v1.2d
\pmbraise@=\dimen104
)
(/usr/local/texlive/2014/texmf-dist/tex/latex/amsmath/amsopn.sty
Package: amsopn 1999/12/14 v2.01 operator names
)
\inf@bad=\count88
LaTeX Info: Redefining \frac on input line 210.
\uproot@=\count89
\leftroot@=\count90
LaTeX Info: Redefining \overline on input line 306.
\classnum@=\count91
\DOTSCASE@=\count92
LaTeX Info: Redefining \ldots on input line 378.
LaTeX Info: Redefining \dots on input line 381.
LaTeX Info: Redefining \cdots on input line 466.
\Mathstrutbox@=\box26
\strutbox@=\box27
\big@size=\dimen105
LaTeX Font Info:    Redeclaring font encoding OML on input line 566.
LaTeX Font Info:    Redeclaring font encoding OMS on input line 567.
\macc@depth=\count93
\c@MaxMatrixCols=\count94
\dotsspace@=\muskip10
\c@parentequation=\count95
\dspbrk@lvl=\count96
\tag@help=\toks16
\row@=\count97
\column@=\count98
\maxfields@=\count99
\andhelp@=\toks17
\eqnshift@=\dimen106
\alignsep@=\dimen107
\tagshift@=\dimen108
\tagwidth@=\dimen109
\totwidth@=\dimen110
\lineht@=\dimen111
\@envbody=\toks18
\multlinegap=\skip44
\multlinetaggap=\skip45
\mathdisplay@stack=\toks19
LaTeX Info: Redefining \[ on input line 2665.
LaTeX Info: Redefining \] on input line 2666.
)
(/usr/local/texlive/2014/texmf-dist/tex/latex/amscls/amsthm.sty
Package: amsthm 2004/08/06 v2.20
\thm@style=\toks20
\thm@bodyfont=\toks21
\thm@headfont=\toks22
\thm@notefont=\toks23
\thm@headpunct=\toks24
\thm@preskip=\skip46
\thm@postskip=\skip47
\thm@headsep=\skip48
\dth@everypar=\toks25
)
(/usr/local/texlive/2014/texmf-dist/tex/latex/amsfonts/amssymb.sty
Package: amssymb 2013/01/14 v3.01 AMS font symbols
)
(/usr/local/texlive/2014/texmf-dist/tex/latex/psnfss/pifont.sty
Package: pifont 2005/04/12 PSNFSS-v9.2a Pi font support (SPQR) 
LaTeX Font Info:    Try loading font information for U+pzd on input line 63.

(/usr/local/texlive/2014/texmf-dist/tex/latex/psnfss/upzd.fd
File: upzd.fd 2001/06/04 font definitions for U/pzd.
)
LaTeX Font Info:    Try loading font information for U+psy on input line 64.

(/usr/local/texlive/2014/texmf-dist/tex/latex/psnfss/upsy.fd
File: upsy.fd 2001/06/04 font definitions for U/psy.
))
(/usr/local/texlive/2014/texmf-dist/tex/latex/graphics/graphicx.sty
Package: graphicx 2014/04/25 v1.0g Enhanced LaTeX Graphics (DPC,SPQR)

(/usr/local/texlive/2014/texmf-dist/tex/latex/graphics/keyval.sty
Package: keyval 2014/05/08 v1.15 key=value parser (DPC)
\KV@toks@=\toks26
)
(/usr/local/texlive/2014/texmf-dist/tex/latex/graphics/graphics.sty
Package: graphics 2009/02/05 v1.0o Standard LaTeX Graphics (DPC,SPQR)

(/usr/local/texlive/2014/texmf-dist/tex/latex/graphics/trig.sty
Package: trig 1999/03/16 v1.09 sin cos tan (DPC)
)
(/usr/local/texlive/2014/texmf-dist/tex/latex/latexconfig/graphics.cfg
File: graphics.cfg 2010/04/23 v1.9 graphics configuration of TeX Live
)
Package graphics Info: Driver file: pdftex.def on input line 91.

(/usr/local/texlive/2014/texmf-dist/tex/latex/pdftex-def/pdftex.def
File: pdftex.def 2011/05/27 v0.06d Graphics/color for pdfTeX

(/usr/local/texlive/2014/texmf-dist/tex/generic/oberdiek/infwarerr.sty
Package: infwarerr 2010/04/08 v1.3 Providing info/warning/error messages (HO)
)
(/usr/local/texlive/2014/texmf-dist/tex/generic/oberdiek/ltxcmds.sty
Package: ltxcmds 2011/11/09 v1.22 LaTeX kernel commands for general use (HO)
)
\Gread@gobject=\count100
))
\Gin@req@height=\dimen112
\Gin@req@width=\dimen113
)
(/usr/local/texlive/2014/texmf-dist/tex/latex/graphics/lscape.sty
Package: lscape 2000/10/22 v3.01 Landscape Pages (DPC)
)
(/usr/local/texlive/2014/texmf-dist/tex/latex/dpfloat/dpfloat.sty
Package: dpfloat 2006/10/05
\@@wholepage=\box28
)
(/usr/local/texlive/2014/texmf-dist/tex/latex/tools/longtable.sty
Package: longtable 2004/02/01 v4.11 Multi-page Table package (DPC)
\LTleft=\skip49
\LTright=\skip50
\LTpre=\skip51
\LTpost=\skip52
\LTchunksize=\count101
\LTcapwidth=\dimen114
\LT@head=\box29
\LT@firsthead=\box30
\LT@foot=\box31
\LT@lastfoot=\box32
\LT@cols=\count102
\LT@rows=\count103
\c@LT@tables=\count104
\c@LT@chunks=\count105
\LT@p@ftn=\toks27
)
(/usr/local/texlive/2014/texmf-dist/tex/latex/fancyvrb/fancyvrb.sty
Package: fancyvrb 2008/02/07

Style option: `fancyvrb' v2.7a, with DG/SPQR fixes, and firstline=lastline fix 
<2008/02/07> (tvz)
\FV@CodeLineNo=\count106
\FV@InFile=\read1
\FV@TabBox=\box33
\c@FancyVerbLine=\count107
\FV@StepNumber=\count108
\FV@OutFile=\write3
)
(/usr/local/texlive/2014/texmf-dist/tex/latex/appendix/appendix.sty
Package: appendix 2009/09/02 v1.2b extra appendix facilities
\c@@pps=\count109
\c@@ppsavesec=\count110
\c@@ppsaveapp=\count111
)
(/usr/local/texlive/2014/texmf-dist/tex/latex/natbib/natbib.sty
Package: natbib 2010/09/13 8.31b (PWD, AO)
\bibhang=\skip53
\bibsep=\skip54
LaTeX Info: Redefining \cite on input line 694.
\c@NAT@ctr=\count112
)
(/usr/local/texlive/2014/texmf-dist/tex/latex/graphics/color.sty
Package: color 2014/04/23 v1.1a Standard LaTeX Color (DPC)

(/usr/local/texlive/2014/texmf-dist/tex/latex/latexconfig/color.cfg
File: color.cfg 2007/01/18 v1.5 color configuration of teTeX/TeXLive
)
Package color Info: Driver file: pdftex.def on input line 137.
)
(/usr/local/texlive/2014/texmf-dist/tex/latex/fancyhdr/fancyhdr.sty
\fancy@headwidth=\skip55
\f@ncyO@elh=\skip56
\f@ncyO@erh=\skip57
\f@ncyO@olh=\skip58
\f@ncyO@orh=\skip59
\f@ncyO@elf=\skip60
\f@ncyO@erf=\skip61
\f@ncyO@olf=\skip62
\f@ncyO@orf=\skip63
)
(/usr/local/texlive/2014/texmf-dist/tex/latex/tools/layout.sty
Package: layout 2000/09/25 v1.2c Show layout parameters
\oneinch=\count113
\cnt@paperwidth=\count114
\cnt@paperheight=\count115
\cnt@hoffset=\count116
\cnt@voffset=\count117
\cnt@textheight=\count118
\cnt@textwidth=\count119
\cnt@topmargin=\count120
\cnt@oddsidemargin=\count121
\cnt@evensidemargin=\count122
\cnt@headheight=\count123
\cnt@headsep=\count124
\cnt@marginparsep=\count125
\cnt@marginparwidth=\count126
\cnt@marginparpush=\count127
\cnt@footskip=\count128
\fheight=\count129
\ref@top=\count130
\ref@hoffset=\count131
\ref@voffset=\count132
\ref@head=\count133
\ref@body=\count134
\ref@foot=\count135
\ref@margin=\count136
\ref@marginwidth=\count137
\ref@marginpar=\count138
\Interval=\count139
\ExtraYPos=\count140
\PositionX=\count141
\PositionY=\count142
\ArrowLength=\count143
)
(/usr/local/texlive/2014/texmf-dist/tex/latex/fncychap/fncychap.sty
Package: fncychap 2007/07/30 v1.34 LaTeX package (Revised chapters)
\RW=\skip64
\mylen=\skip65
\myhi=\skip66
\px=\skip67
\py=\skip68
\pyy=\skip69
\pxx=\skip70
\backskip=\skip71
)
(/usr/local/texlive/2014/texmf-dist/tex/latex/setspace/setspace.sty
Package: setspace 2011/12/19 v6.7a set line spacing
)
(/usr/local/texlive/2014/texmf-dist/tex/latex/hyperref/hyperref.sty
Package: hyperref 2012/11/06 v6.83m Hypertext links for LaTeX

(/usr/local/texlive/2014/texmf-dist/tex/generic/oberdiek/hobsub-hyperref.sty
Package: hobsub-hyperref 2012/05/28 v1.13 Bundle oberdiek, subset hyperref (HO)


(/usr/local/texlive/2014/texmf-dist/tex/generic/oberdiek/hobsub-generic.sty
Package: hobsub-generic 2012/05/28 v1.13 Bundle oberdiek, subset generic (HO)
Package: hobsub 2012/05/28 v1.13 Construct package bundles (HO)
Package hobsub Info: Skipping package `infwarerr' (already loaded).
Package hobsub Info: Skipping package `ltxcmds' (already loaded).
Package: ifluatex 2010/03/01 v1.3 Provides the ifluatex switch (HO)
Package ifluatex Info: LuaTeX not detected.
Package: ifvtex 2010/03/01 v1.5 Detect VTeX and its facilities (HO)
Package ifvtex Info: VTeX not detected.
Package: intcalc 2007/09/27 v1.1 Expandable calculations with integers (HO)
Package: ifpdf 2011/01/30 v2.3 Provides the ifpdf switch (HO)
Package ifpdf Info: pdfTeX in PDF mode is detected.
Package: etexcmds 2011/02/16 v1.5 Avoid name clashes with e-TeX commands (HO)
Package etexcmds Info: Could not find \expanded.
(etexcmds)             That can mean that you are not using pdfTeX 1.50 or
(etexcmds)             that some package has redefined \expanded.
(etexcmds)             In the latter case, load this package earlier.
Package: kvsetkeys 2012/04/25 v1.16 Key value parser (HO)
Package: kvdefinekeys 2011/04/07 v1.3 Define keys (HO)
Package: pdftexcmds 2011/11/29 v0.20 Utility functions of pdfTeX for LuaTeX (HO
)
Package pdftexcmds Info: LuaTeX not detected.
Package pdftexcmds Info: \pdf@primitive is available.
Package pdftexcmds Info: \pdf@ifprimitive is available.
Package pdftexcmds Info: \pdfdraftmode found.
Package: pdfescape 2011/11/25 v1.13 Implements pdfTeX's escape features (HO)
Package: bigintcalc 2012/04/08 v1.3 Expandable calculations on big integers (HO
)
Package: bitset 2011/01/30 v1.1 Handle bit-vector datatype (HO)
Package: uniquecounter 2011/01/30 v1.2 Provide unlimited unique counter (HO)
)
Package hobsub Info: Skipping package `hobsub' (already loaded).
Package: letltxmacro 2010/09/02 v1.4 Let assignment for LaTeX macros (HO)
Package: hopatch 2012/05/28 v1.2 Wrapper for package hooks (HO)
Package: xcolor-patch 2011/01/30 xcolor patch
Package: atveryend 2011/06/30 v1.8 Hooks at the very end of document (HO)
Package atveryend Info: \enddocument detected (standard20110627).
Package: atbegshi 2011/10/05 v1.16 At begin shipout hook (HO)
Package: refcount 2011/10/16 v3.4 Data extraction from label references (HO)
Package: hycolor 2011/01/30 v1.7 Color options for hyperref/bookmark (HO)
)
(/usr/local/texlive/2014/texmf-dist/tex/generic/ifxetex/ifxetex.sty
Package: ifxetex 2010/09/12 v0.6 Provides ifxetex conditional
)
(/usr/local/texlive/2014/texmf-dist/tex/latex/oberdiek/auxhook.sty
Package: auxhook 2011/03/04 v1.3 Hooks for auxiliary files (HO)
)
(/usr/local/texlive/2014/texmf-dist/tex/latex/oberdiek/kvoptions.sty
Package: kvoptions 2011/06/30 v3.11 Key value format for package options (HO)
)
\@linkdim=\dimen115
\Hy@linkcounter=\count144
\Hy@pagecounter=\count145

(/usr/local/texlive/2014/texmf-dist/tex/latex/hyperref/pd1enc.def
File: pd1enc.def 2012/11/06 v6.83m Hyperref: PDFDocEncoding definition (HO)
)
\Hy@SavedSpaceFactor=\count146

(/usr/local/texlive/2014/texmf-dist/tex/latex/latexconfig/hyperref.cfg
File: hyperref.cfg 2002/06/06 v1.2 hyperref configuration of TeXLive
)
Package hyperref Info: Hyper figures OFF on input line 4443.
Package hyperref Info: Link nesting OFF on input line 4448.
Package hyperref Info: Hyper index ON on input line 4451.
Package hyperref Info: Plain pages OFF on input line 4458.
Package hyperref Info: Backreferencing OFF on input line 4463.
Package hyperref Info: Implicit mode ON; LaTeX internals redefined.
Package hyperref Info: Bookmarks ON on input line 4688.
\c@Hy@tempcnt=\count147

(/usr/local/texlive/2014/texmf-dist/tex/latex/url/url.sty
\Urlmuskip=\muskip11
Package: url 2013/09/16  ver 3.4  Verb mode for urls, etc.
)
LaTeX Info: Redefining \url on input line 5041.
\XeTeXLinkMargin=\dimen116
\Fld@menulength=\count148
\Field@Width=\dimen117
\Fld@charsize=\dimen118
Package hyperref Info: Hyper figures OFF on input line 6295.
Package hyperref Info: Link nesting OFF on input line 6300.
Package hyperref Info: Hyper index ON on input line 6303.
Package hyperref Info: backreferencing OFF on input line 6310.
Package hyperref Info: Link coloring OFF on input line 6315.
Package hyperref Info: Link coloring with OCG OFF on input line 6320.
Package hyperref Info: PDF/A mode OFF on input line 6325.
LaTeX Info: Redefining \ref on input line 6365.
LaTeX Info: Redefining \pageref on input line 6369.
\Hy@abspage=\count149
\c@Item=\count150
\c@Hfootnote=\count151
)

Package hyperref Message: Driver: hpdftex.

(/usr/local/texlive/2014/texmf-dist/tex/latex/hyperref/hpdftex.def
File: hpdftex.def 2012/11/06 v6.83m Hyperref driver for pdfTeX
\Fld@listcount=\count152
\c@bookmark@seq@number=\count153

(/usr/local/texlive/2014/texmf-dist/tex/latex/oberdiek/rerunfilecheck.sty
Package: rerunfilecheck 2011/04/15 v1.7 Rerun checks for auxiliary files (HO)
Package uniquecounter Info: New unique counter `rerunfilecheck' on input line 2
82.
)
\Hy@SectionHShift=\skip72
)
(./Documentation.aux

LaTeX Warning: Label `fig:tallis' multiply defined.


LaTeX Warning: Label `fun:cons-ith-while-jth-constantp' multiply defined.


LaTeX Warning: Label `fun:vector<vector-t-or-nil' multiply defined.

)
\openout1 = `Documentation.aux'.

LaTeX Font Info:    Checking defaults for OML/cmm/m/it on input line 104.
LaTeX Font Info:    ... okay on input line 104.
LaTeX Font Info:    Checking defaults for T1/cmr/m/n on input line 104.
LaTeX Font Info:    ... okay on input line 104.
LaTeX Font Info:    Checking defaults for OT1/cmr/m/n on input line 104.
LaTeX Font Info:    ... okay on input line 104.
LaTeX Font Info:    Checking defaults for OMS/cmsy/m/n on input line 104.
LaTeX Font Info:    ... okay on input line 104.
LaTeX Font Info:    Checking defaults for OMX/cmex/m/n on input line 104.
LaTeX Font Info:    ... okay on input line 104.
LaTeX Font Info:    Checking defaults for U/cmr/m/n on input line 104.
LaTeX Font Info:    ... okay on input line 104.
LaTeX Font Info:    Checking defaults for PD1/pdf/m/n on input line 104.
LaTeX Font Info:    ... okay on input line 104.
 (/usr/local/texlive/2014/texmf-dist/tex/context/base/supp-pdf.mkii
[Loading MPS to PDF converter (version 2006.09.02).]
\scratchcounter=\count154
\scratchdimen=\dimen119
\scratchbox=\box34
\nofMPsegments=\count155
\nofMParguments=\count156
\everyMPshowfont=\toks28
\MPscratchCnt=\count157
\MPscratchDim=\dimen120
\MPnumerator=\count158
\makeMPintoPDFobject=\count159
\everyMPtoPDFconversion=\toks29
) (/usr/local/texlive/2014/texmf-dist/tex/latex/oberdiek/epstopdf-base.sty
Package: epstopdf-base 2010/02/09 v2.5 Base part for package epstopdf

(/usr/local/texlive/2014/texmf-dist/tex/latex/oberdiek/grfext.sty
Package: grfext 2010/08/19 v1.1 Manage graphics extensions (HO)
)
Package grfext Info: Graphics extension search list:
(grfext)             [.png,.pdf,.jpg,.mps,.jpeg,.jbig2,.jb2,.PNG,.PDF,.JPG,.JPE
G,.JBIG2,.JB2,.eps]
(grfext)             \AppendGraphicsExtensions on input line 452.

(/usr/local/texlive/2014/texmf-dist/tex/latex/latexconfig/epstopdf-sys.cfg
File: epstopdf-sys.cfg 2010/07/13 v1.3 Configuration of (r)epstopdf for TeX Liv
e
))
\AtBeginShipoutBox=\box35
Package hyperref Info: Link coloring OFF on input line 104.

(/usr/local/texlive/2014/texmf-dist/tex/latex/hyperref/nameref.sty
Package: nameref 2012/10/27 v2.43 Cross-referencing by name of section

(/usr/local/texlive/2014/texmf-dist/tex/generic/oberdiek/gettitlestring.sty
Package: gettitlestring 2010/12/03 v1.4 Cleanup title references (HO)
)
\c@section@level=\count160
)
LaTeX Info: Redefining \ref on input line 104.
LaTeX Info: Redefining \pageref on input line 104.
LaTeX Info: Redefining \nameref on input line 104.

(./Documentation.out) (./Documentation.out)
\@outlinefile=\write4
\openout4 = `Documentation.out'.

 (./Title page/draft.tex [1



{/usr/local/texlive/2014/texmf-var/fonts/map/pdftex/updmap/pdftex.map}])
(./Licence/draft.tex
LaTeX Font Info:    Try loading font information for OMS+cmr on input line 5.

(/usr/local/texlive/2014/texmf-dist/tex/latex/base/omscmr.fd
File: omscmr.fd 1999/05/25 v2.5h Standard LaTeX font definitions
)
LaTeX Font Info:    Font shape `OMS/cmr/m/n' in size <12> not available
(Font)              Font shape `OMS/cmsy/m/n' tried instead on input line 5.
)
(./Acknowledgements/draft.tex

Package Fancyhdr Warning: \headheight is too small (12.5pt): 
 Make it at least 14.49998pt.
 We now make it that large for the rest of the document.
 This may cause the page layout to be inconsistent, however.

[2]) (./Related publications/draft.tex [3

] [4

] [5]) [6] (./Documentation.toc
LaTeX Font Info:    Try loading font information for U+msa on input line 2.

(/usr/local/texlive/2014/texmf-dist/tex/latex/amsfonts/umsa.fd
File: umsa.fd 2013/01/14 v3.01 AMS symbols A
)
LaTeX Font Info:    Try loading font information for U+msb on input line 2.

(/usr/local/texlive/2014/texmf-dist/tex/latex/amsfonts/umsb.fd
File: umsb.fd 2013/01/14 v3.01 AMS symbols B
) [7

] [8])
\tf@toc=\write5
\openout5 = `Documentation.toc'.


(./Preface/draft.tex [9] [10

] [11]) [12] (./Setup/draft.tex
Chapter 1.
[1


]) (./Importing and exporting files/draft.tex [2]
Chapter 2.
[3

] [4] [5] [6] [7] [8]) (./Example code/draft.tex [9] [10

]
Chapter 3.

<"Example code/figs/tallis-if-ye-love-me".pdf, id=705, 515.9275pt x 643.40375pt
>
File: "Example code/figs/tallis-if-ye-love-me".pdf Graphic file (type pdf)
 <use "Example code/figs/tallis-if-ye-love-me".pdf>
Package pdftex.def Info: "Example code/figs/tallis-if-ye-love-me".pdf used on i
nput line 30.
(pdftex.def)             Requested size: 312.00119pt x 389.09848pt.
 [11] [12 <./Example code/figs/tallis-if-ye-love-me.pdf>] [13] [14]

Package hyperref Warning: Token not allowed in a PDF string (PDFDocEncoding):
(hyperref)                removing `math shift' on input line 198.


Package hyperref Warning: Token not allowed in a PDF string (PDFDocEncoding):
(hyperref)                removing `math shift' on input line 198.

[15] [16] <"Example code/figs/mazurka06-1".pdf, id=770, 542.025pt x 722.7pt>
File: "Example code/figs/mazurka06-1".pdf Graphic file (type pdf)

<use "Example code/figs/mazurka06-1".pdf>
Package pdftex.def Info: "Example code/figs/mazurka06-1".pdf used on input line
 286.
(pdftex.def)             Requested size: 350.99762pt x 468.00708pt.

<"Example code/figs/scarlatti-L10-ann-all".pdf, id=781, 566.67888pt x 729.44849
pt>
File: "Example code/figs/scarlatti-L10-ann-all".pdf Graphic file (type pdf)
 <use "Example code/figs/scarlatti-L10-ann-all".pdf>
Package pdftex.def Info: "Example code/figs/scarlatti-L10-ann-all".pdf used on 
input line 304.
(pdftex.def)             Requested size: 312.00119pt x 401.632pt.
 [17] [18 <./Example code/figs/mazurka06-1.pdf>] [19 <./Example code/figs/scarl
atti-L10-ann-all.pdf>]
[20] [21] [22] [23] [24] [25] [26] [27]
Underfull \vbox (badness 10000) has occurred while \output is active []

 [28]
[29] [30] [31] [32]
Underfull \vbox (badness 10000) has occurred while \output is active []

 [33]
Underfull \vbox (badness 10000) has occurred while \output is active []

 [34]
[35] [36] [37] [38] [39] [40] [41] [42] [43])
(./Documentation for individual functions/draft.tex [44]
Chapter 4.
) (./Documentation for individual functions/Maths foundation/draft.tex)
(./Documentation for individual functions/Maths foundation/List processing/draf
t.tex
Underfull \vbox (badness 2126) has occurred while \output is active []

 [45

]
[46] [47] [48] [49] [50] [51] [52])
(./Documentation for individual functions/Maths foundation/Set operations/draft
.tex [53]
Underfull \vbox (badness 2617) has occurred while \output is active []

 [54]
[55] [56] [57]
Underfull \vbox (badness 1072) has occurred while \output is active []

 [58]
[59] [60] [61]
Underfull \vbox (badness 5217) has occurred while \output is active []

 [62]
[63] [64])
(./Documentation for individual functions/Maths foundation/Sort by/draft.tex
[65] [66] [67] [68] [69] [70] [71] [72] [73] [74] [75])
(./Documentation for individual functions/Maths foundation/Vector operations/dr
aft.tex [76]
Missing character: There is no Ê in font cmtt12!
 [77] [78])
(./Documentation for individual functions/Maths foundation/Stats sampling/draft
.tex [79] [80] [81] [82] [83])
(./Documentation for individual functions/Maths foundation/Geometric operations
/draft.tex [84] [85] [86] [87] [88])
(./Documentation for individual functions/Maths foundation/Interpolation/draft.
tex
Underfull \vbox (badness 1629) has occurred while \output is active []

 [89]
Underfull \vbox (badness 1769) has occurred while \output is active []

 [90])
(./Documentation for individual functions/Maths foundation/Merge sort operation
s/draft.tex [91])
(./Documentation for individual functions/Maths foundation/Locating indices/dra
ft.tex [92] [93])
(./Documentation for individual functions/File conversion/draft.tex)
(./Documentation for individual functions/File conversion/Text files/draft.tex
[94] [95]
Overfull \hbox (7.79865pt too wide) in paragraph at lines 105--108
\OT1/cmr/m/n/12 This func-tion re-turns the con-tents of a file spec-i-fied by 
the vari-able path&name.
 []

[96] [97] [98] [99])
(./Documentation for individual functions/File conversion/MIDI import/draft.tex

Underfull \vbox (badness 1424) has occurred while \output is active []

 [100]
Overfull \hbox (8.16208pt too wide) in paragraph at lines 56--58
\OT1/cmr/m/n/12 The treat-ment of di-vi-sion is un-usual. Gran-u-lar-ity is in 
ticks per beat (crotchet). 
 []

[101] [102] [103] [104] [105] [106] [107] [108] [109] [110] [111] [112]
[113] [114])
(./Documentation for individual functions/File conversion/MIDI export/draft.tex
[115] [116] [117] [118] [119] [120]
Underfull \vbox (badness 1496) has occurred while \output is active []

 [121]
[122] [123] [124])
(./Documentation for individual functions/File conversion/Hash tables/draft.tex
[125] [126] [127] [128]
Underfull \vbox (badness 3547) has occurred while \output is active []

 [129]
[130] [131] [132]
Underfull \hbox (badness 6493) in paragraph at lines 430--431
[]\OT1/cmr/m/n/12 Implementation could call []index-target-
 []

[133])
(./Documentation for individual functions/File conversion/CSV files/draft.tex
Underfull \vbox (badness 1603) has occurred while \output is active []

 [134]
[135]
Overfull \hbox (18.43881pt too wide) in paragraph at lines 75--79
\OT1/cmr/m/n/12 string sup-plied as an ar-gu-ment has had the func-tion comma-s
eparated- string2list
 []

[136] [137]

LaTeX Warning: Reference `fun:space-separated-string2list' on page 138 undefine
d on input line 238.

[138] [139])
(./Documentation for individual functions/File conversion/Director musices/draf
t.tex [140] [141] [142] [143] [144] [145]
Underfull \hbox (badness 10000) in paragraph at lines 380--381
[][]\OT1/cmr/m/n/12 orthogonal-projection-unique-equalp[],
 []

[146])
(./Documentation for individual functions/File conversion/Kern articulation/dra
ft.tex
Underfull \vbox (badness 2334) has occurred while \output is active []

 [147]
[148] [149] [150] [151]
Underfull \vbox (badness 10000) has occurred while \output is active []

 [152]
Overfull \hbox (1.69566pt too wide) in paragraph at lines 309--312
\OT1/cmr/m/n/12 Non-notes/rests should then re-sult in '(0 NIL) be-ing re-turne
d. A lone crotchet
 []

)
(./Documentation for individual functions/File conversion/Kern by col/draft.tex
[153]
Underfull \hbox (badness 10000) in paragraph at lines 41--42
[][]\OT1/cmr/m/n/12 firstn[], []not-tie-dur-pitch-char-p[], []space-
 []


Underfull \hbox (badness 10000) in paragraph at lines 41--42
\OT1/cmr/m/n/12 bar-separated-string2list[], []tab-separated-
 []


Underfull \hbox (badness 10000) in paragraph at lines 85--86
[][]\OT1/cmr/m/n/12 kern-col2dataset-no-tie-resolution[], []kern-
 []


Underfull \hbox (badness 3482) in paragraph at lines 85--86
\OT1/cmr/m/n/12 col2rest-set[], []read-from-file-arbitrary[], []tab-
 []

[154] [155]
Overfull \hbox (0.814pt too wide) in paragraph at lines 169--174
\OT1/cmr/m/n/12 This func-tion con-verts a kern col-umn con-sist-ing of spaced 
notes into a dataset,
 []


Overfull \hbox (1.69566pt too wide) in paragraph at lines 177--180
\OT1/cmr/m/n/12 Non-notes/rests should then re-sult in '(0 NIL) be-ing re-turne
d. A lone crotchet
 []

[156]
Underfull \hbox (badness 7326) in paragraph at lines 218--219
[][]\OT1/cmr/m/n/12 append-list[], []constant-vector[], []parse-kern-
 []

[157] [158] [159] [160] [161] [162])
(./Documentation for individual functions/File conversion/Kern/draft.tex
[163] [164] [165]
Overfull \hbox (2.18481pt too wide) in paragraph at lines 193--197
\OT1/cmr/m/n/12 This func-tion con-verts kern pitch char-ac-ters into the pitch
-and-octave-number
 []

[166] [167] [168] [169] [170] [171] [172] [173] [174] [175]
Overfull \hbox (11.58472pt too wide) in paragraph at lines 704--708
[]\OT1/cmr/m/n/12 The func-tion is more ro-bust than a sim-i-lar func-tion call
ed staves-info2staves-
 []

[176] [177])
(./Documentation for individual functions/File conversion/Kern rests/draft.tex
[178]
Underfull \hbox (badness 10000) in paragraph at lines 51--52
[][]\OT1/cmr/m/n/12 dataset-restricted-to-m-in-nth[], []duration-
 []


Underfull \hbox (badness 10000) in paragraph at lines 51--52
\OT1/cmr/m/n/12 string2numeric[], []modify-question-by-staff-
 []


Underfull \hbox (badness 2435) in paragraph at lines 51--52
\OT1/cmr/m/n/12 restriction[], []pitch&octave2MIDI-morphetic-
 []


LaTeX Warning: Reference `fun:c@merata2014-question2answer' on page 179 undefin
ed on input line 52.

[179]) (./Documentation for individual functions/Pattern rating/draft.tex)
(./Documentation for individual functions/Pattern rating/Projection/draft.tex
Overfull \hbox (0.67928pt too wide) in paragraph at lines 3--6
\OT1/cmr/m/n/12 The main func-tions of use here are for cre-at-ing pro-jec-tion
s of datasets ([]Mered-
 []

[180]
Underfull \vbox (badness 1052) has occurred while \output is active []

 [181]
Underfull \hbox (badness 10000) in paragraph at lines 150--151
[][]\OT1/cmr/m/n/12 add-two-lists[], []subtract-two-lists[],
 []

[182] [183]
Underfull \hbox (badness 10000) in paragraph at lines 233--234
[][]\OT1/cmr/m/n/12 orthogonal-projection-not-unique-equalp[],
 []

[184])
(./Documentation for individual functions/Pattern rating/Musical properties/dra
ft.tex [185] [186] [187] [188]
Underfull \vbox (badness 1590) has occurred while \output is active []

 [189]
[190] [191] [192]
Underfull \vbox (badness 3199) has occurred while \output is active []

 [193])
(./Documentation for individual functions/Pattern rating/Empirical preliminarie
s/draft.tex [194] [195]
Underfull \hbox (badness 10000) in paragraph at lines 78--79
[][]\OT1/cmr/m/n/12 likelihood-of-pattern-or-translation[],
 []


Underfull \hbox (badness 10000) in paragraph at lines 129--130
[][]\OT1/cmr/m/n/12 likelihood-of-pattern-or-translation[],
 []

[196] [197]
Underfull \hbox (badness 10000) in paragraph at lines 219--221
[]\OT1/cmr/m/n/12 orthogonal-projection-not-unique-equalp[],
 []

[198] [199]
Underfull \hbox (badness 10000) in paragraph at lines 331--332
[]\OT1/cmr/m/n/12 likelihood-of-subset-geometric-mean[],
 []


Underfull \hbox (badness 10000) in paragraph at lines 331--332
[]\OT1/cmr/m/n/12 orthogonal-projection-not-unique-equalp[],
 []


Underfull \vbox (badness 10000) has occurred while \output is active []

 [200]
[201]
Underfull \hbox (badness 10000) in paragraph at lines 384--385
[]\OT1/cmr/m/n/12 orthogonal-projection-not-unique-equalp[],
 []


Underfull \vbox (badness 5036) has occurred while \output is active []

 [202]
Underfull \hbox (badness 10000) in paragraph at lines 455--456
[][]\OT1/cmr/m/n/12 likelihood-of-pattern-or-translation[],
 []

[203])
(./Documentation for individual functions/Pattern rating/Evaluation heuristics/
draft.tex [204] [205] [206] [207] [208]
Underfull \hbox (badness 10000) in paragraph at lines 271--272
[][]\OT1/cmr/m/n/12 heuristics-pattern-translators-pairs[],
 []


Overfull \hbox (13.54303pt too wide) in paragraph at lines 290--296
\OT1/cmr/m/n/12 The func-tion heuristics-pattern-translators-pairs is ap-plied 
to pattern-translator
 []

) (./Documentation for individual functions/Pattern discovery/draft.tex)
(./Documentation for individual functions/Pattern discovery/Structural inductio
n mod/draft.tex
Underfull \vbox (badness 2165) has occurred while \output is active []

 [209]
Underfull \hbox (badness 10000) in paragraph at lines 55--56
[]\OT1/cmr/m/n/12 test-equal$\OML/cmm/m/it/12 <$\OT1/cmr/m/n/12 potential-trans
lator-mod-2nd-n[],
 []

[210] [211]
Underfull \hbox (badness 10000) in paragraph at lines 166--167
[][]\OT1/cmr/m/n/12 add-two-lists-mod-2nd-n[], []test-equal$\OML/cmm/m/it/12 <$
\OT1/cmr/m/n/12 list-
 []

[212] [213]
Underfull \hbox (badness 10000) in paragraph at lines 307--308
[][]\OT1/cmr/m/n/12 assoc-files[], []subtract-two-lists[], []update-
 []


Underfull \vbox (badness 5756) has occurred while \output is active []

 [214]
Underfull \hbox (badness 10000) in paragraph at lines 341--342
[][]\OT1/cmr/m/n/12 assoc-files[], []subtract-two-lists-mod-2nd-n[],
 []

[215]
Underfull \vbox (badness 4686) has occurred while \output is active []

 [216]
[217] [218]
Underfull \hbox (badness 10000) in paragraph at lines 546--547
[][]\OT1/cmr/m/n/12 test-translation-mod-2nd-n-no-length-check[],
 []

[219]
Underfull \hbox (badness 10000) in paragraph at lines 604--605
[][]\OT1/cmr/m/n/12 check-potential-translators-mod-2nd-n[],
 []


Underfull \hbox (badness 5847) in paragraph at lines 606--607
[]\OT1/cmr/m/n/12 As with []translators-of-pattern-in-dataset[],
 []

)
(./Documentation for individual functions/Pattern discovery/Structural inductio
n merge/draft.tex [220]
Underfull \vbox (badness 1127) has occurred while \output is active []

 [221]
[222])
(./Documentation for individual functions/Pattern discovery/Further structural 
induction algorithms/draft.tex
Underfull \hbox (badness 10000) in paragraph at lines 18--19
\OT1/cmr/m/n/12 pattern-occurrences-from-dataset[], []SIA-
 []

[223]
Underfull \hbox (badness 10000) in paragraph at lines 51--52
\OT1/cmr/m/n/12 pattern-occs-from-dataset-mod-2nd-n[],
 []


Underfull \hbox (badness 10000) in paragraph at lines 51--52
[]\OT1/cmr/m/n/12 SIA-reflected-for-COSIATEC-mod-2nd-n[],
 []


Underfull \hbox (badness 10000) in paragraph at lines 51--52
[]\OT1/cmr/m/n/12 threeCs-pattern-trans-pairs-mod-2nd-n[],
 []

[224]
Underfull \hbox (badness 10000) in paragraph at lines 87--88
[][]\OT1/cmr/m/n/12 set-difference-multidimensional-sorted-asc[],
 []


Underfull \hbox (badness 10000) in paragraph at lines 89--90
[][]\OT1/cmr/m/n/12 remove-pattern-occs-from-dataset-mod-2nd-
 []


Underfull \hbox (badness 10000) in paragraph at lines 115--116
[][]\OT1/cmr/m/n/12 set-difference-multidimensional-sorted-asc[],
 []

[225] [226]
Underfull \hbox (badness 2401) in paragraph at lines 181--182
[]\OT1/cmr/m/n/12 Deprecated, con-tin-gent on a rewrite of
 []


Underfull \hbox (badness 10000) in paragraph at lines 215--216
[][]\OT1/cmr/m/n/12 translators-of-pattern-in-dataset[], []write-to-
 []

[227]
Underfull \hbox (badness 10000) in paragraph at lines 266--267
[][]\OT1/cmr/m/n/12 translators-of-pattern-in-dataset-mod-2nd-
 []


Underfull \vbox (badness 10000) has occurred while \output is active []

 [228]
[229])
(./Documentation for individual functions/Pattern discovery/Evaluation for SIA+
/draft.tex

Package hyperref Warning: Token not allowed in a PDF string (PDFDocEncoding):
(hyperref)                removing `math shift' on input line 1.


Package hyperref Warning: Token not allowed in a PDF string (PDFDocEncoding):
(hyperref)                removing `math shift' on input line 1.


Underfull \vbox (badness 2334) has occurred while \output is active []

 [230]
[231] [232] [233]
Underfull \vbox (badness 1221) has occurred while \output is active []

 [234]
[235] [236] [237] [238])
(./Documentation for individual functions/Pattern discovery/Compactness trawl/d
raft.tex [239] [240])
(./Documentation for individual functions/Pattern discovery/Evaluation for SIAC
T/draft.tex
Underfull \vbox (badness 2865) has occurred while \output is active []

 [241]
Underfull \hbox (badness 10000) in paragraph at lines 52--53
[]\OT1/cmr/m/n/12 likelihood-of-translations-reordered[],
 []

[242] [243]
Underfull \hbox (badness 10000) in paragraph at lines 127--128
[]\OT1/cmr/m/n/12 orthogonal-projection-not-unique-equalp[],
 []

[244])
(./Documentation for individual functions/Pattern discovery/Superdiagonals/draf
t.tex
Underfull \vbox (badness 5091) has occurred while \output is active []

 [245]
[246] [247] [248] [249])
(./Documentation for individual functions/Pattern metrics/draft.tex)
(./Documentation for individual functions/Pattern metrics/Robust metrics/draft.
tex [250] [251] [252] [253] [254] [255] [256] [257] [258] [259] [260])
(./Documentation for individual functions/Pattern metrics/Evaluate discovered v
ersus annotated patterns/draft.tex [261] [262] [263] [264]
Underfull \vbox (badness 10000) has occurred while \output is active []

 [265]
[266] [267])
(./Documentation for individual functions/Pattern metrics/Matching score/draft.
tex
Underfull \vbox (badness 10000) has occurred while \output is active []

 [268]
[269] [270] [271])
(./Documentation for individual functions/Markov models/draft.tex)
(./Documentation for individual functions/Markov models/Segmentation/draft.tex
[272]
Underfull \vbox (badness 5756) has occurred while \output is active []

 [273]
[274] [275] [276] [277] [278] [279] [280] [281])
(./Documentation for individual functions/Markov models/Markov analyse/draft.te
x [282]
Underfull \vbox (badness 1603) has occurred while \output is active []

 [283]
Underfull \hbox (badness 10000) in paragraph at lines 98--99
[][]\OT1/cmr/m/n/12 construct-final-states[], []construct-stm[],
 []

[284]
Underfull \hbox (badness 10000) in paragraph at lines 139--140
[][]\OT1/cmr/m/n/12 construct-initial-states[], []construct-final-
 []

[285]
Underfull \hbox (badness 10000) in paragraph at lines 191--192
[][]\OT1/cmr/m/n/12 beat-spacing-states[], []markov-analyse[],
 []


Underfull \hbox (badness 10000) in paragraph at lines 193--194
[][]\OT1/cmr/m/n/12 construct-final-states[], []construct-initial-
 []

[286]
Underfull \hbox (badness 10000) in paragraph at lines 264--265
[][]\OT1/cmr/m/n/12 articulation-points[], []beat-rel-MNN-states[],
 []

[287] [288] [289]
Underfull \vbox (badness 5274) has occurred while \output is active []

 [290])
(./Documentation for individual functions/Markov models/Markov analyse backward
s/draft.tex [291] [292] [293] [294] [295] [296])
(./Documentation for individual functions/Markov models/Markov compose/draft.te
x [297] [298] [299] [300] [301] [302] [303])
(./Documentation for individual functions/Markov models/Beat rel MNN states/dra
ft.tex [304]

LaTeX Warning: Reference `fun:fifths-step-mode2MNN-MPN' on page 305 undefined o
n input line 23.

[305]

LaTeX Warning: Reference `fun:fifths-step-mode2MNN-MPN' on page 306 undefined o
n input line 94.


Underfull \hbox (badness 10000) in paragraph at lines 94--95
[][]\OT1/cmr/m/n/12 centre-dataset[], [] , []nth-list-of-lists[],
 []

[306] [307]

LaTeX Warning: Reference `fun:fifths-step-mode2MNN-MPN' on page 308 undefined o
n input line 164.


Underfull \hbox (badness 10000) in paragraph at lines 164--165
[][]\OT1/cmr/m/n/12 centre-dataset[], [] , []nth-list-of-lists[],
 []

[308] [309] [310] [311])
(./Documentation for individual functions/Markov models/Generating beat relativ
e MNN/draft.tex

LaTeX Warning: Reference `fun:generate-beat-rel-MNN-forcing->' on page 312 unde
fined on input line 34.


LaTeX Warning: Reference `fun:checklist<-p-rel' on page 312 undefined on input 
line 35.


Underfull \vbox (badness 1953) has occurred while \output is active []

 [312]
[313] [314] [315]
Underfull \vbox (badness 10000) has occurred while \output is active []

 [316]
[317])
(./Documentation for individual functions/Markov models/Spacing states/draft.te
x [318] [319]
Underfull \vbox (badness 10000) has occurred while \output is active []

 [320]
[321]
Underfull \vbox (badness 1755) has occurred while \output is active []

 [322]
[323] [324]
Underfull \vbox (badness 3547) has occurred while \output is active []

 [325]
[326] [327])
(./Documentation for individual functions/Markov models/Generating beat MNN spa
cing forwards/draft.tex [328] [329] [330] [331]
Underfull \vbox (badness 10000) has occurred while \output is active []

 [332]
[333] [334] [335]
Underfull \vbox (badness 10000) has occurred while \output is active []

 [336]
[337] [338]
Underfull \vbox (badness 10000) has occurred while \output is active []

 [339]
[340] [341]
Overfull \hbox (2.31537pt too wide) in paragraph at lines 577--581
\OT1/cmr/m/n/12 This func-tion ap-plies the func-tion geom-mean-likelihood-of-s
ubset re-cur-sively,
 []

[342]
Underfull \vbox (badness 10000) has occurred while \output is active []

 [343]
[344] [345])
(./Documentation for individual functions/Markov models/Generating beat MNN spa
cing backwards/draft.tex [346] [347] [348]
Overfull \hbox (10.27917pt too wide) in paragraph at lines 159--174
\OT1/cmr/m/n/12 wards look-ing for the em-pir-i-cal dis-tri-bu-tion) rather tha
n geom-mean-likelihood-
 []


Underfull \vbox (badness 10000) has occurred while \output is active []

 [349]
[350] [351]
Underfull \vbox (badness 10000) has occurred while \output is active []

 [352]
[353] [354] [355]
Underfull \vbox (badness 10000) has occurred while \output is active []

 [356]
[357] [358])
(./Documentation for individual functions/Markov models/Generating beat MNN spa
cing for and back/draft.tex
Underfull \hbox (badness 10000) in paragraph at lines 27--28
[][]\OT1/cmr/m/n/12 generate-forwards-or-backwards-no-failure[],
 []


Underfull \hbox (badness 2478) in paragraph at lines 29--30
[]\OT1/cmr/m/n/12 Consider sim-pli-fy-ing/renaming gen-er-at-ing
 []


Underfull \vbox (badness 7221) has occurred while \output is active []

 [359]
Underfull \hbox (badness 10000) in paragraph at lines 66--67
[]\OT1/cmr/m/n/12 generate-forwards-or-backwards-no-failure[],
 []


Underfull \hbox (badness 2478) in paragraph at lines 68--69
[]\OT1/cmr/m/n/12 Consider sim-pli-fy-ing/renaming gen-er-at-ing
 []

[360] [361] [362]
Underfull \hbox (badness 2478) in paragraph at lines 222--223
[]\OT1/cmr/m/n/12 Consider sim-pli-fy-ing/renaming gen-er-at-ing
 []

[363] [364] [365]
Underfull \hbox (badness 2478) in paragraph at lines 334--335
[]\OT1/cmr/m/n/12 Consider sim-pli-fy-ing/renaming gen-er-at-ing
 []

[366] [367] [368] [369]
Underfull \hbox (badness 10000) in paragraph at lines 526--527
[][]\OT1/cmr/m/n/12 disp-ht-key[], []keys-of-states-in-transition-
 []

[370]
Underfull \hbox (badness 10000) in paragraph at lines 579--580
[][]\OT1/cmr/m/n/12 remove-datapoints-coincident-with-
 []

[371] [372] [373] [374]
Underfull \hbox (badness 10000) in paragraph at lines 771--772
[]\OT1/cmr/m/n/12 remove-datapoints-with-nth-item$\OML/cmm/m/it/12 <$\OT1/cmr/m
/n/12 =[],
 []


Underfull \hbox (badness 10000) in paragraph at lines 771--772
[]\OT1/cmr/m/n/12 remove-datapoints-with-nth-item$\OML/cmm/m/it/12 >$\OT1/cmr/m
/n/12 =[],
 []

)
(./Documentation for individual functions/Markov models/Generating with pattern
s preliminaries/draft.tex [375] [376] [377] [378] [379]
Underfull \hbox (badness 3792) in paragraph at lines 292--293
[]\OT1/cmr/m/n/12 Consider chang-ing lo-ca-tion. See also
 []


Underfull \vbox (badness 1496) has occurred while \output is active []

 [380])
(./Documentation for individual functions/Markov models/Pattern inheritance pre
liminaries/draft.tex
Underfull \vbox (badness 2828) has occurred while \output is active []

 [381]
[382] [383]
Underfull \vbox (badness 1127) has occurred while \output is active []

 [384]
[385] [386]
Underfull \vbox (badness 10000) has occurred while \output is active []

 [387]
[388])
(./Documentation for individual functions/Markov models/Generating with pattern
s/draft.tex
Underfull \hbox (badness 10000) in paragraph at lines 16--17
[][]\OT1/cmr/m/n/12 generate-beat-spacing-for-intervals[],
 []

[389] [390] [391] [392]
Underfull \hbox (badness 10000) in paragraph at lines 211--212
[][]\OT1/cmr/m/n/12 generate-beat-spacing$\OML/cmm/m/it/12 <$\OT1/cmr/m/n/12 -$
\OML/cmm/m/it/12 >$\OT1/cmr/m/n/12 pattern-
 []


Underfull \vbox (badness 10000) has occurred while \output is active []

 [393]
Underfull \hbox (badness 10000) in paragraph at lines 233--234
[][]\OT1/cmr/m/n/12 generate-beat-spacing$\OML/cmm/m/it/12 <$\OT1/cmr/m/n/12 -$
\OML/cmm/m/it/12 >$\OT1/cmr/m/n/12 pattern-
 []

[394]
Underfull \hbox (badness 10000) in paragraph at lines 291--292
[][]\OT1/cmr/m/n/12 generate-beat-spacing$\OML/cmm/m/it/12 <$\OT1/cmr/m/n/12 -$
\OML/cmm/m/it/12 >$\OT1/cmr/m/n/12 pattern-
 []

)
(./Documentation for individual functions/Markov models/Realising states/draft.
tex [395] [396] [397]
Underfull \vbox (badness 10000) has occurred while \output is active []

 [398]
[399] [400] [401] [402] [403] [404] [405] [406])
(./Documentation for individual functions/Markov models/Realising states backwa
rds/draft.tex [407] [408]
Underfull \hbox (badness 10000) in paragraph at lines 93--94
[][]\OT1/cmr/m/n/12 create-MIDI&morphetic-numbers$\OML/cmm/m/it/12 <$\OT1/cmr/m
/n/12 -[],
 []

[409]) (./Documentation for individual functions/Harmony and metre/draft.tex)
(./Documentation for individual functions/Harmony and metre/Ontimes signatures/
draft.tex [410] [411] [412])
(./Documentation for individual functions/Harmony and metre/Chord labelling/dra
ft.tex [413]
Underfull \hbox (badness 10000) in paragraph at lines 40--41
[]\OT1/cmr/m/n/12 append-ontimes-to-time-signatures[],
 []

[414]

LaTeX Warning: Reference `fun:time-intervals-for-question-elements-Jun2015' on 
page 415 undefined on input line 118.

[415] [416] [417] [418] [419] [420] [421] [422]
Underfull \hbox (badness 10000) in paragraph at lines 488--489
[]\OT1/cmr/m/n/12 score-segment-against-template[],
 []

[423] [424]
Underfull \hbox (badness 10000) in paragraph at lines 631--632
[][]\OT1/cmr/m/n/12 max-argmax[], []restrict-point-set-to-MNN-
 []

[425] [426] [427]

LaTeX Warning: Reference `fun:c@merata2014-question2answer' on page 428 undefin
ed on input line 766.


LaTeX Warning: Reference `fun:c@merata2014-question2answer' on page 428 undefin
ed on input line 809.


Underfull \vbox (badness 1454) has occurred while \output is active []

 [428])
(./Documentation for individual functions/Harmony and metre/Inner metric analys
is/draft.tex [429] [430] [431] [432]
Underfull \vbox (badness 10000) has occurred while \output is active []

 [433]
[434])
(./Documentation for individual functions/Harmony and metre/Keyscape/draft.tex
[435] [436]
Underfull \vbox (badness 1983) has occurred while \output is active []

 [437]
Underfull \vbox (badness 10000) has occurred while \output is active []

 [438]
Underfull \vbox (badness 1960) has occurred while \output is active []

 [439]
Underfull \vbox (badness 10000) has occurred while \output is active []

 [440]
[441] [442]

LaTeX Warning: Reference `fun:PAC-bass-membfn' on page 443 undefined on input l
ine 371.


LaTeX Warning: Reference `fun:PAC-melody-membfn' on page 443 undefined on input
 line 371.


LaTeX Warning: Reference `fun:unite-states-and-points' on page 443 undefined on
 input line 371.


Underfull \vbox (badness 3199) has occurred while \output is active []

 [443]
[444])
(./Documentation for individual functions/Harmony and metre/Neo-Riemannian oper
ations/draft.tex
Overfull \hbox (11.97223pt too wide) in paragraph at lines 3--11
\OT1/cmr/m/n/12 The func-tions be-low are im-ple-men-ta-tions of neo-Riemannian
 op-er-a-tions ([]Lewin[],
 []

[445]
Overfull \hbox (15.48422pt too wide) in paragraph at lines 38--49
\OT1/cmr/m/n/12 This func-tion takes two chord pairs as ar-gu-ments. It re-turn
s the neo-Riemannian
 []

[446] [447] [448])
(./Documentation for individual functions/Query staff notation/draft.tex)
(./Documentation for individual functions/Query staff notation/C@merata process
ing/draft.tex
Underfull \hbox (badness 10000) in paragraph at lines 14--15
[][]\OT1/cmr/m/n/12 append-ontimes-to-time-signatures[],
 []


Underfull \hbox (badness 10000) in paragraph at lines 14--15
[]\OT1/cmr/m/n/12 articulation&event-time-intervals[],
 []


Underfull \vbox (badness 1424) has occurred while \output is active []

 [449]
[450] [451]
Underfull \hbox (badness 10000) in paragraph at lines 107--108
[][]\OT1/cmr/m/n/12 bar&beat-number-of-ontime[], []row-of-max-
 []

[452] [453] [454] [455]
Underfull \hbox (badness 10000) in paragraph at lines 309--310
[][]\OT1/cmr/m/n/12 bar&beat-number-of-ontime[], []ontime-of-
 []

[456])
(./Documentation for individual functions/Query staff notation/Kern to staff fe
atures/draft.tex
Underfull \vbox (badness 3803) has occurred while \output is active []

 [457]
[458] [459] [460] [461] [462]
Overfull \hbox (29.9002pt too wide) in paragraph at lines 293--293
[]   \OT1/cmtt/m/n/12 "*staff4 *staff4 *staff3 *staff3 *staff2 *staff2 *staff1 
*staff1"[] 
 []

)
(./Documentation for individual functions/Query staff notation/Pitches interval
s durations/draft.tex
Underfull \vbox (badness 10000) has occurred while \output is active []

 [463]
Underfull \hbox (badness 10000) in paragraph at lines 18--19
[]\OT1/cmr/m/n/12 duration&pitch-class-time-intervals[],
 []


Underfull \hbox (badness 7759) in paragraph at lines 53--54
[][]\OT1/cmr/m/n/12 duration-string2numeric[], []modify-question-
 []


Underfull \hbox (badness 10000) in paragraph at lines 53--54
\OT1/cmr/m/n/12 by-staff-restriction[], []my-last-string[],
 []


Underfull \vbox (badness 5592) has occurred while \output is active []

 [464]
Underfull \hbox (badness 10000) in paragraph at lines 89--90
[][]\OT1/cmr/m/n/12 duration&pitch-class-time-intervals[],
 []

[465]
Underfull \hbox (badness 7759) in paragraph at lines 115--116
[][]\OT1/cmr/m/n/12 duration-string2numeric[], []modify-question-
 []


Underfull \hbox (badness 5533) in paragraph at lines 115--116
\OT1/cmr/m/n/12 by-staff-restriction[], []restrict-dataset-in-nth-
 []


Underfull \hbox (badness 10000) in paragraph at lines 142--143
[][]\OT1/cmr/m/n/12 harmonic-interval-segments2raw-times[],
 []


Underfull \hbox (badness 10000) in paragraph at lines 142--143
[]\OT1/cmr/m/n/12 orthogonal-projection-not-unique-equalp[],
 []

[466] [467] [468] [469] [470] [471] [472]
Underfull \hbox (badness 10000) in paragraph at lines 485--486
[][]\OT1/cmr/m/n/12 dataset-restricted-to-m-in-nth[], []modify-
 []


Underfull \vbox (badness 10000) has occurred while \output is active []

 [473]
[474]
Underfull \hbox (badness 10000) in paragraph at lines 551--552
[][]\OT1/cmr/m/n/12 dataset-restricted-to-m-in-nth[], []duration-
 []


Underfull \hbox (badness 10000) in paragraph at lines 551--552
\OT1/cmr/m/n/12 time-intervals[], []duration&pitch-class-time-
 []


Underfull \vbox (badness 3547) has occurred while \output is active []

 [475]
Underfull \hbox (badness 10000) in paragraph at lines 617--618
[]\OT1/cmr/m/n/12 duration&pitch-class-time-intervals[],
 []

[476])
(./Documentation for individual functions/Query staff notation/Texture/draft.te
x
Underfull \vbox (badness 10000) has occurred while \output is active []

 [477]
[478]
Underfull \vbox (badness 10000) has occurred while \output is active []

 [479]
Underfull \hbox (badness 10000) in paragraph at lines 147--148
[]\OT1/cmr/m/n/12 set-difference-multidimensional-sorted-asc[],
 []

[480])
(./Documentation for individual functions/Query staff notation/Analytic string 
manipulations/draft.tex
Underfull \vbox (badness 10000) has occurred while \output is active []

 [481]
[482]

LaTeX Warning: Reference `fun:duration-and-pitch-class-time-intervals' on page 
483 undefined on input line 94.


LaTeX Warning: Reference `fun:duration-and-time-intervals' on page 483 undefine
d on input line 94.


LaTeX Warning: Reference `fun:pitch-class-sequntial-expression2list' on page 48
3 undefined on input line 124.


Underfull \hbox (badness 10000) in paragraph at lines 124--125
[][]\OT1/cmr/m/n/12 concat-strings[], []consecutive-question2list[],
 []


Underfull \hbox (badness 10000) in paragraph at lines 124--125
[]\OT1/cmr/m/n/12 modify-by-later[], []my-last[], [], []replace-
 []


Underfull \hbox (badness 10000) in paragraph at lines 124--125
\OT1/cmr/m/n/12 all[],[]space-bar-separated-string2list[], []string-
 []

[483] [484]
Underfull \hbox (badness 10000) in paragraph at lines 180--181
[][]\OT1/cmr/m/n/12 number-string2numeric[],
 []


Underfull \hbox (badness 10000) in paragraph at lines 223--224
[][]\OT1/cmr/m/n/12 duration&pitch-class-time-intervals[], []pitch-
 []

[485] [486]
Underfull \vbox (badness 3199) has occurred while \output is active []

 [487]
Underfull \vbox (badness 10000) has occurred while \output is active []

 [488]
[489])
(./Documentation for individual functions/Query staff notation/Artic dynam lyri
cs utilities/draft.tex
Underfull \hbox (badness 10000) in paragraph at lines 16--17
[][]\OT1/cmr/m/n/12 articulation&event-time-intervals[], []kern-
 []

[490]) [491] [492

] (./Documentation.bbl [493

] [494]
Underfull \hbox (badness 1917) in paragraph at lines 155--162
[]\OT1/cmr/m/n/12 David Mered-ith, Kjell Lem-str^^?om, and Geraint A. Wig-gins.
  Al-go-
 []

[495])
Package atveryend Info: Empty hook `BeforeClearDocument' on input line 227.
 [496]
Package atveryend Info: Empty hook `AfterLastShipout' on input line 227.
 (./Documentation.aux)
Package atveryend Info: Executing hook `AtVeryEndDocument' on input line 227.
Package atveryend Info: Executing hook `AtEndAfterFileList' on input line 227.
Package rerunfilecheck Info: File `Documentation.out' has not changed.
(rerunfilecheck)             Checksum: 743183AC47B1C9806477072CB99567E2;6123.


LaTeX Warning: There were undefined references.


LaTeX Warning: There were multiply-defined labels.

Package atveryend Info: Empty hook `AtVeryVeryEnd' on input line 227.
 ) 
Here is how much of TeX's memory you used:
 9774 strings out of 493117
 158251 string characters out of 6135433
 241724 words of memory out of 5000000
 11607 multiletter control sequences out of 15000+600000
 19670 words of font info for 74 fonts, out of 8000000 for 9000
 1141 hyphenation exceptions out of 8191
 29i,12n,48p,1814b,494s stack positions out of 5000i,500n,10000p,200000b,80000s
</usr/local/texlive/2014/texmf-dist/fonts/type1/public/amsfonts/cm/cmbx12.pfb
></usr/local/texlive/2014/texmf-dist/fonts/type1/public/amsfonts/cm/cmcsc10.pfb
></usr/local/texlive/2014/texmf-dist/fonts/type1/public/amsfonts/cm/cmex10.pfb>
</usr/local/texlive/2014/texmf-dist/fonts/type1/public/amsfonts/cm/cmmi12.pfb><
/usr/local/texlive/2014/texmf-dist/fonts/type1/public/amsfonts/cm/cmmi6.pfb></u
sr/local/texlive/2014/texmf-dist/fonts/type1/public/amsfonts/cm/cmmi8.pfb></usr
/local/texlive/2014/texmf-dist/fonts/type1/public/amsfonts/cm/cmr10.pfb></usr/l
ocal/texlive/2014/texmf-dist/fonts/type1/public/amsfonts/cm/cmr12.pfb></usr/loc
al/texlive/2014/texmf-dist/fonts/type1/public/amsfonts/cm/cmr17.pfb></usr/local
/texlive/2014/texmf-dist/fonts/type1/public/amsfonts/cm/cmr6.pfb></usr/local/te
xlive/2014/texmf-dist/fonts/type1/public/amsfonts/cm/cmr7.pfb></usr/local/texli
ve/2014/texmf-dist/fonts/type1/public/amsfonts/cm/cmr8.pfb></usr/local/texlive/
2014/texmf-dist/fonts/type1/public/amsfonts/cm/cmss17.pfb></usr/local/texlive/2
014/texmf-dist/fonts/type1/public/amsfonts/cm/cmsy10.pfb></usr/local/texlive/20
14/texmf-dist/fonts/type1/public/amsfonts/cm/cmsy6.pfb></usr/local/texlive/2014
/texmf-dist/fonts/type1/public/amsfonts/cm/cmsy8.pfb></usr/local/texlive/2014/t
exmf-dist/fonts/type1/public/amsfonts/cm/cmti10.pfb></usr/local/texlive/2014/te
xmf-dist/fonts/type1/public/amsfonts/cm/cmti12.pfb></usr/local/texlive/2014/tex
mf-dist/fonts/type1/public/amsfonts/cm/cmtt10.pfb></usr/local/texlive/2014/texm
f-dist/fonts/type1/public/amsfonts/cm/cmtt12.pfb>
Output written on Documentation.pdf (508 pages, 1412248 bytes).
PDF statistics:
 6809 PDF objects out of 7423 (max. 8388607)
 6189 compressed objects within 62 object streams
 1268 named destinations out of 1440 (max. 500000)
 696 words of extra memory for PDF output out of 10000 (max. 10000000)

