\BOOKMARK [0][-]{chapter.1}{Setup}{}% 1
\BOOKMARK [1][-]{section.1.1}{Installing Clozure Common Lisp}{chapter.1}% 2
\BOOKMARK [1][-]{section.1.2}{Loading MCStylistic}{chapter.1}% 3
\BOOKMARK [0][-]{chapter.2}{Importing and exporting files}{}% 4
\BOOKMARK [1][-]{section.2.1}{Lists stored as text}{chapter.2}% 5
\BOOKMARK [1][-]{section.2.2}{Musical Instrument Digital Interface \(MIDI\)}{chapter.2}% 6
\BOOKMARK [1][-]{section.2.3}{Kern}{chapter.2}% 7
\BOOKMARK [1][-]{section.2.4}{MusicXML}{chapter.2}% 8
\BOOKMARK [1][-]{section.2.5}{See also}{chapter.2}% 9
\BOOKMARK [0][-]{chapter.3}{Example code}{}% 10
\BOOKMARK [1][-]{section.3.1}{Music-theoretic analysis with Stravinsqi}{chapter.3}% 11
\BOOKMARK [1][-]{section.3.2}{Functional-harmonic analysis with HarmAn->roman}{chapter.3}% 12
\BOOKMARK [1][-]{section.3.3}{Discovering and rating musical patterns}{chapter.3}% 13
\BOOKMARK [1][-]{section.3.4}{Stylistic composition with Racchman-Oct2010}{chapter.3}% 14
\BOOKMARK [1][-]{section.3.5}{Stylistic composition with Racchmaninof-Oct2010}{chapter.3}% 15
\BOOKMARK [1][-]{section.3.6}{Evaluating pattern discovery algorithms for MIREX 2013}{chapter.3}% 16
\BOOKMARK [0][-]{chapter.4}{Documentation for individual functions}{}% 17
\BOOKMARK [1][-]{section.4.1}{Maths foundation}{chapter.4}% 18
\BOOKMARK [2][-]{subsection.4.1.1}{List processing}{section.4.1}% 19
\BOOKMARK [2][-]{subsection.4.1.2}{Set operations}{section.4.1}% 20
\BOOKMARK [2][-]{subsection.4.1.3}{Sort by}{section.4.1}% 21
\BOOKMARK [2][-]{subsection.4.1.4}{Vector operations}{section.4.1}% 22
\BOOKMARK [2][-]{subsection.4.1.5}{Stats sampling}{section.4.1}% 23
\BOOKMARK [2][-]{subsection.4.1.6}{Geometric operations}{section.4.1}% 24
\BOOKMARK [2][-]{subsection.4.1.7}{Interpolation}{section.4.1}% 25
\BOOKMARK [2][-]{subsection.4.1.8}{Merge sort operations}{section.4.1}% 26
\BOOKMARK [2][-]{subsection.4.1.9}{Locating indices}{section.4.1}% 27
\BOOKMARK [1][-]{section.4.2}{File conversion}{chapter.4}% 28
\BOOKMARK [2][-]{subsection.4.2.1}{Text files}{section.4.2}% 29
\BOOKMARK [2][-]{subsection.4.2.2}{MIDI import}{section.4.2}% 30
\BOOKMARK [2][-]{subsection.4.2.3}{MIDI export}{section.4.2}% 31
\BOOKMARK [2][-]{subsection.4.2.4}{Hash tables}{section.4.2}% 32
\BOOKMARK [2][-]{subsection.4.2.5}{CSV files}{section.4.2}% 33
\BOOKMARK [2][-]{subsection.4.2.6}{Director musices}{section.4.2}% 34
\BOOKMARK [2][-]{subsection.4.2.7}{Kern articulation}{section.4.2}% 35
\BOOKMARK [2][-]{subsection.4.2.8}{Kern by col}{section.4.2}% 36
\BOOKMARK [2][-]{subsection.4.2.9}{Kern}{section.4.2}% 37
\BOOKMARK [2][-]{subsection.4.2.10}{Kern rests}{section.4.2}% 38
\BOOKMARK [1][-]{section.4.3}{Pattern rating}{chapter.4}% 39
\BOOKMARK [2][-]{subsection.4.3.1}{Projection}{section.4.3}% 40
\BOOKMARK [2][-]{subsection.4.3.2}{Musical properties}{section.4.3}% 41
\BOOKMARK [2][-]{subsection.4.3.3}{Empirical preliminaries}{section.4.3}% 42
\BOOKMARK [2][-]{subsection.4.3.4}{Evaluation heuristics}{section.4.3}% 43
\BOOKMARK [1][-]{section.4.4}{Pattern discovery}{chapter.4}% 44
\BOOKMARK [2][-]{subsection.4.4.1}{Structural induction mod}{section.4.4}% 45
\BOOKMARK [2][-]{subsection.4.4.2}{Structural induction merge}{section.4.4}% 46
\BOOKMARK [2][-]{subsection.4.4.3}{Further structural induction algorithms}{section.4.4}% 47
\BOOKMARK [2][-]{subsection.4.4.4}{Evaluation for SIA+}{section.4.4}% 48
\BOOKMARK [2][-]{subsection.4.4.5}{Compactness trawl}{section.4.4}% 49
\BOOKMARK [2][-]{subsection.4.4.6}{Evaluation for SIACT}{section.4.4}% 50
\BOOKMARK [2][-]{subsection.4.4.7}{Superdiagonals}{section.4.4}% 51
\BOOKMARK [1][-]{section.4.5}{Pattern metrics}{chapter.4}% 52
\BOOKMARK [2][-]{subsection.4.5.1}{Robust metrics}{section.4.5}% 53
\BOOKMARK [2][-]{subsection.4.5.2}{Evaluate discovered versus annotated patterns}{section.4.5}% 54
\BOOKMARK [2][-]{subsection.4.5.3}{Matching score}{section.4.5}% 55
\BOOKMARK [1][-]{section.4.6}{Markov models}{chapter.4}% 56
\BOOKMARK [2][-]{subsection.4.6.1}{Segmentation}{section.4.6}% 57
\BOOKMARK [2][-]{subsection.4.6.2}{Markov analyse}{section.4.6}% 58
\BOOKMARK [2][-]{subsection.4.6.3}{Markov analyse backwards}{section.4.6}% 59
\BOOKMARK [2][-]{subsection.4.6.4}{Markov compose}{section.4.6}% 60
\BOOKMARK [2][-]{subsection.4.6.5}{Beat rel MNN states}{section.4.6}% 61
\BOOKMARK [2][-]{subsection.4.6.6}{Generating beat relative MNN}{section.4.6}% 62
\BOOKMARK [2][-]{subsection.4.6.7}{Spacing states}{section.4.6}% 63
\BOOKMARK [2][-]{subsection.4.6.8}{Generating beat MNN spacing forwards}{section.4.6}% 64
\BOOKMARK [2][-]{subsection.4.6.9}{Generating beat MNN spacing backwards}{section.4.6}% 65
\BOOKMARK [2][-]{subsection.4.6.10}{Generating beat MNN spacing for\046back}{section.4.6}% 66
\BOOKMARK [2][-]{subsection.4.6.11}{Generating with patterns preliminaries}{section.4.6}% 67
\BOOKMARK [2][-]{subsection.4.6.12}{Pattern inheritance preliminaries}{section.4.6}% 68
\BOOKMARK [2][-]{subsection.4.6.13}{Generating with patterns}{section.4.6}% 69
\BOOKMARK [2][-]{subsection.4.6.14}{Realising states}{section.4.6}% 70
\BOOKMARK [2][-]{subsection.4.6.15}{Realising states backwards}{section.4.6}% 71
\BOOKMARK [1][-]{section.4.7}{Harmony and metre}{chapter.4}% 72
\BOOKMARK [2][-]{subsection.4.7.1}{Ontimes signatures}{section.4.7}% 73
\BOOKMARK [2][-]{subsection.4.7.2}{Chord labelling}{section.4.7}% 74
\BOOKMARK [2][-]{subsection.4.7.3}{Inner metric analysis}{section.4.7}% 75
\BOOKMARK [2][-]{subsection.4.7.4}{Keyscape}{section.4.7}% 76
\BOOKMARK [2][-]{subsection.4.7.5}{Neo-Riemannian operations}{section.4.7}% 77
\BOOKMARK [1][-]{section.4.8}{Query staff notation}{chapter.4}% 78
\BOOKMARK [2][-]{subsection.4.8.1}{C@merata processing}{section.4.8}% 79
\BOOKMARK [2][-]{subsection.4.8.2}{Kern to staff features}{section.4.8}% 80
\BOOKMARK [2][-]{subsection.4.8.3}{Pitches intervals durations}{section.4.8}% 81
\BOOKMARK [2][-]{subsection.4.8.4}{Texture}{section.4.8}% 82
\BOOKMARK [2][-]{subsection.4.8.5}{Analytic string manipulations}{section.4.8}% 83
\BOOKMARK [2][-]{subsection.4.8.6}{Artic dynam lyrics utilities}{section.4.8}% 84
\BOOKMARK [0][-]{section*.626}{References}{}% 85
